<?xml version="1.0" encoding="UTF-8"?>
<testsuite name="com.spring.professional.exam.tutorial.module03.question19.service.EmployeeServiceTest" tests="2" skipped="0" failures="0" errors="0" timestamp="2021-01-07T02:18:08" hostname="NRMI-103" time="0.068">
  <properties/>
  <testcase name="shouldRollbackTransaction" classname="com.spring.professional.exam.tutorial.module03.question19.service.EmployeeServiceTest" time="0.058"/>
  <testcase name="shouldNotRollbackTransaction" classname="com.spring.professional.exam.tutorial.module03.question19.service.EmployeeServiceTest" time="0.008"/>
  <system-out><![CDATA[Data Source Trace: Connection javax.sql.DataSource.getConnection()
Data Source Trace: String java.lang.Object.toString()
Data Source Trace: String java.lang.Object.toString()
Starting methodWithTransaction
Completed methodWithTransaction
Connection Trace: public abstract void java.sql.Connection.rollback() throws java.sql.SQLException
Data Source Trace: String java.lang.Object.toString()
Connection Trace: public abstract void java.sql.Connection.close() throws java.sql.SQLException
Data Source Trace: Connection javax.sql.DataSource.getConnection()
Data Source Trace: String java.lang.Object.toString()
Data Source Trace: String java.lang.Object.toString()
Starting methodWithTransaction
Completed methodWithTransaction
Connection Trace: public abstract void java.sql.Connection.commit() throws java.sql.SQLException
Data Source Trace: String java.lang.Object.toString()
Connection Trace: public abstract void java.sql.Connection.close() throws java.sql.SQLException
]]></system-out>
  <system-err><![CDATA[Jan 07, 2021 7:48:06 AM org.springframework.test.context.support.AbstractTestContextBootstrapper getDefaultTestExecutionListenerClassNames
INFO: Loaded default TestExecutionListener class names from location [META-INF/spring.factories]: [org.springframework.test.context.web.ServletTestExecutionListener, org.springframework.test.context.support.DirtiesContextBeforeModesTestExecutionListener, org.springframework.test.context.support.DependencyInjectionTestExecutionListener, org.springframework.test.context.support.DirtiesContextTestExecutionListener, org.springframework.test.context.transaction.TransactionalTestExecutionListener, org.springframework.test.context.jdbc.SqlScriptsTestExecutionListener]
Jan 07, 2021 7:48:06 AM org.springframework.test.context.support.AbstractTestContextBootstrapper getTestExecutionListeners
INFO: Using TestExecutionListeners: [org.springframework.test.context.support.DirtiesContextBeforeModesTestExecutionListener@27911b59, org.springframework.test.context.support.DependencyInjectionTestExecutionListener@22060dd6, org.springframework.test.context.support.DirtiesContextTestExecutionListener@6b11bf0c, org.springframework.test.context.transaction.TransactionalTestExecutionListener@71b2c3e5, org.springframework.test.context.jdbc.SqlScriptsTestExecutionListener@5e565559]
Jan 07, 2021 7:48:07 AM org.springframework.jdbc.datasource.embedded.EmbeddedDatabaseFactory initDatabase
INFO: Starting embedded database: url='jdbc:hsqldb:mem:0384fff0-0f04-4c01-b0c5-118b83bc3ba5', username='sa'
]]></system-err>
</testsuite>
